mktextfm _roman
mktextfm _sans
mktextfm _typewriter
mktextfm _math
mktextfm _default_family
mktextfm _sc
mktextfm _osf
mktextfm _sf_scale
mktextfm _tt_scale
mktextfm _cjk
mktextfm _roman
mktextfm _sans
mktextfm _typewriter
mktextfm _math
mktextfm _default_family
mktextfm _sc
mktextfm _osf
mktextfm _sf_scale
mktextfm _tt_scale
mktextfm _cjk
mktextfm _roman
mktextfm _sans
mktextfm _typewriter
mktextfm _math
mktextfm _default_family
mktextfm _sc
mktextfm _osf
mktextfm _sf_scale
mktextfm _tt_scale
mktextfm _cjk
mktextfm _roman
mktextfm _sans
mktextfm _typewriter
mktextfm _math
mktextfm _default_family
mktextfm _sc
mktextfm _osf
mktextfm _sf_scale
mktextfm _tt_scale
mktextfm _cjk
